GowinSynthesis start
Running parser ...
Analyzing Verilog file 'C:\Users\liukai\Desktop\gowin_empu\src\gowin_empu\gowin_empu.v'
Analyzing Verilog file 'C:\Users\liukai\Desktop\gowin_empu\src\gowin_empu_template.v'
Analyzing Verilog file 'C:\Users\liukai\Desktop\gowin_empu\src\gowin_pllvr\gowin_pllvr.v'
Compiling module 'Gowin_EMPU_Template'("C:\Users\liukai\Desktop\gowin_empu\src\gowin_empu_template.v":9)
Compiling module 'Gowin_PLLVR'("C:\Users\liukai\Desktop\gowin_empu\src\gowin_pllvr\gowin_pllvr.v":9)
Compiling module 'Gowin_EMPU_Top'("C:\Users\liukai\Desktop\gowin_empu\src\gowin_empu\gowin_empu.v":441)
Compiling module '**'("C:\Users\liukai\Desktop\gowin_empu\src\gowin_empu\gowin_empu.v":440)
WARN  (EX3670) : Actual bit length 1 differs from formal bit length 16 for port 'gpio'("C:\Users\liukai\Desktop\gowin_empu\src\gowin_empu_template.v":39)
NOTE  (EX0101) : Current top module is "Gowin_EMPU_Template"
[5%] Running netlist conversion ...
WARN  (CV0023) : Sweep user defined iobuf instance "gpio1" with dangling iopin("C:\Users\liukai\Desktop\gowin_empu\src\gowin_empu\gowin_empu.v":440)
WARN  (CV0023) : Sweep user defined iobuf instance "gpio2" with dangling iopin("C:\Users\liukai\Desktop\gowin_empu\src\gowin_empu\gowin_empu.v":440)
WARN  (CV0023) : Sweep user defined iobuf instance "gpio3" with dangling iopin("C:\Users\liukai\Desktop\gowin_empu\src\gowin_empu\gowin_empu.v":440)
WARN  (CV0023) : Sweep user defined iobuf instance "gpio4" with dangling iopin("C:\Users\liukai\Desktop\gowin_empu\src\gowin_empu\gowin_empu.v":440)
WARN  (CV0023) : Sweep user defined iobuf instance "gpio5" with dangling iopin("C:\Users\liukai\Desktop\gowin_empu\src\gowin_empu\gowin_empu.v":440)
WARN  (CV0023) : Sweep user defined iobuf instance "gpio6" with dangling iopin("C:\Users\liukai\Desktop\gowin_empu\src\gowin_empu\gowin_empu.v":440)
WARN  (CV0023) : Sweep user defined iobuf instance "gpio7" with dangling iopin("C:\Users\liukai\Desktop\gowin_empu\src\gowin_empu\gowin_empu.v":440)
WARN  (CV0023) : Sweep user defined iobuf instance "gpio8" with dangling iopin("C:\Users\liukai\Desktop\gowin_empu\src\gowin_empu\gowin_empu.v":440)
WARN  (CV0023) : Sweep user defined iobuf instance "gpio9" with dangling iopin("C:\Users\liukai\Desktop\gowin_empu\src\gowin_empu\gowin_empu.v":440)
WARN  (CV0023) : Sweep user defined iobuf instance "gpio10" with dangling iopin("C:\Users\liukai\Desktop\gowin_empu\src\gowin_empu\gowin_empu.v":440)
WARN  (CV0023) : Sweep user defined iobuf instance "gpio11" with dangling iopin("C:\Users\liukai\Desktop\gowin_empu\src\gowin_empu\gowin_empu.v":440)
WARN  (CV0023) : Sweep user defined iobuf instance "gpio12" with dangling iopin("C:\Users\liukai\Desktop\gowin_empu\src\gowin_empu\gowin_empu.v":440)
WARN  (CV0023) : Sweep user defined iobuf instance "gpio13" with dangling iopin("C:\Users\liukai\Desktop\gowin_empu\src\gowin_empu\gowin_empu.v":440)
WARN  (CV0023) : Sweep user defined iobuf instance "gpio14" with dangling iopin("C:\Users\liukai\Desktop\gowin_empu\src\gowin_empu\gowin_empu.v":440)
WARN  (CV0023) : Sweep user defined iobuf instance "gpio15" with dangling iopin("C:\Users\liukai\Desktop\gowin_empu\src\gowin_empu\gowin_empu.v":440)
Running device independent optimization ...
[10%] Optimizing Phase 0 completed
[15%] Optimizing Phase 1 completed
[25%] Optimizing Phase 2 completed
Running inference ...
[30%] Inferring Phase 0 completed
[40%] Inferring Phase 1 completed
[50%] Inferring Phase 2 completed
[55%] Inferring Phase 3 completed
Running technical mapping ...
[60%] Tech-Mapping Phase 0 completed
[65%] Tech-Mapping Phase 1 completed
[75%] Tech-Mapping Phase 2 completed
[80%] Tech-Mapping Phase 3 completed
[90%] Tech-Mapping Phase 4 completed
[95%] Generate netlist file "C:\Users\liukai\Desktop\gowin_empu\impl\gwsynthesis\gowin_empu.vg" completed
[100%] Generate report file "C:\Users\liukai\Desktop\gowin_empu\impl\gwsynthesis\gowin_empu_syn.rpt.html" completed
GowinSynthesis finish
